# JRE version: OpenJDK Runtime Environment (11.0.13+8) (build 11.0.13+8-post-Debian-1deb11u1)
# Java VM: OpenJDK 64-Bit Server VM (11.0.13+8-post-Debian-1deb11u1, mixed mode, sharing, tiered, compressed oops, g1 gc, linux-amd64)
Heap:
 garbage-first heap   total 161792K, used 95940K [0x0000000764400000, 0x0000000800000000)
  region size 1024K, 28 young (28672K), 3 survivors (3072K)
 Metaspace       used 27126K, capacity 28604K, committed 28848K, reserved 1075200K
  class space    used 3298K, capacity 3885K, committed 4016K, reserved 1048576K
GC Heap History (20 events):
Event: 15.043 GC heap before
{Heap before GC invocations=4 (full 0):
 garbage-first heap   total 161792K, used 102226K [0x0000000764400000, 0x0000000800000000)
  region size 1024K, 59 young (60416K), 4 survivors (4096K)
 Metaspace       used 26565K, capacity 27977K, committed 28208K, reserved 1073152K
  class space    used 3259K, capacity 3827K, committed 3888K, reserved 1048576K
}
Event: 15.069 GC heap after
{Heap after GC invocations=5 (full 0):
 garbage-first heap   total 161792K, used 53960K [0x0000000764400000, 0x0000000800000000)
  region size 1024K, 8 young (8192K), 8 survivors (8192K)
 Metaspace       used 26565K, capacity 27977K, committed 28208K, reserved 1073152K
  class space    used 3259K, capacity 3827K, committed 3888K, reserved 1048576K
}
Event: 17.007 GC heap before
{Heap before GC invocations=5 (full 0):
 garbage-first heap   total 161792K, used 99016K [0x0000000764400000, 0x0000000800000000)
  region size 1024K, 52 young (53248K), 8 survivors (8192K)
 Metaspace       used 26722K, capacity 28066K, committed 28208K, reserved 1073152K
  class space    used 3266K, capacity 3837K, committed 3888K, reserved 1048576K
}
Event: 17.025 GC heap after
{Heap after GC invocations=6 (full 0):
 garbage-first heap   total 161792K, used 61128K [0x0000000764400000, 0x0000000800000000)
  region size 1024K, 7 young (7168K), 7 survivors (7168K)
 Metaspace       used 26722K, capacity 28066K, committed 28208K, reserved 1073152K
  class space    used 3266K, capacity 3837K, committed 3888K, reserved 1048576K
}
Event: 20.013 GC heap before
{Heap before GC invocations=6 (full 0):
 garbage-first heap   total 161792K, used 112328K [0x0000000764400000, 0x0000000800000000)
  region size 1024K, 57 young (58368K), 7 survivors (7168K)
 Metaspace       used 26782K, capacity 28194K, committed 28464K, reserved 1073152K
  class space    used 3267K, capacity 3837K, committed 3888K, reserved 1048576K
}
Event: 20.036 GC heap after
{Heap after GC invocations=7 (full 0):
 garbage-first heap   total 161792K, used 68272K [0x0000000764400000, 0x0000000800000000)
  region size 1024K, 7 young (7168K), 7 survivors (7168K)
 Metaspace       used 26782K, capacity 28194K, committed 28464K, reserved 1073152K
  class space    used 3267K, capacity 3837K, committed 3888K, reserved 1048576K
}
Event: 23.922 GC heap before
{Heap before GC invocations=7 (full 0):
 garbage-first heap   total 161792K, used 117424K [0x0000000764400000, 0x0000000800000000)
  region size 1024K, 55 young (56320K), 7 survivors (7168K)
 Metaspace       used 26836K, capacity 28199K, committed 28464K, reserved 1073152K
  class space    used 3267K, capacity 3837K, committed 3888K, reserved 1048576K
}
Event: 23.979 GC heap after
{Heap after GC invocations=8 (full 0):
 garbage-first heap   total 161792K, used 75787K [0x0000000764400000, 0x0000000800000000)
  region size 1024K, 7 young (7168K), 7 survivors (7168K)
 Metaspace       used 26836K, capacity 28199K, committed 28464K, reserved 1073152K
  class space    used 3267K, capacity 3837K, committed 3888K, reserved 1048576K
}
Event: 26.916 GC heap before
{Heap before GC invocations=8 (full 0):
 garbage-first heap   total 161792K, used 121867K [0x0000000764400000, 0x0000000800000000)
  region size 1024K, 52 young (53248K), 7 survivors (7168K)
 Metaspace       used 26865K, capacity 28263K, committed 28464K, reserved 1073152K
  class space    used 3269K, capacity 3837K, committed 3888K, reserved 1048576K
}
Event: 26.933 GC heap after
{Heap after GC invocations=9 (full 0):
 garbage-first heap   total 161792K, used 84317K [0x0000000764400000, 0x0000000800000000)
  region size 1024K, 7 young (7168K), 7 survivors (7168K)
 Metaspace       used 26865K, capacity 28263K, committed 28464K, reserved 1073152K
  class space    used 3269K, capacity 3837K, committed 3888K, reserved 1048576K
}
Event: 28.956 GC heap before
{Heap before GC invocations=9 (full 0):
 garbage-first heap   total 161792K, used 124253K [0x0000000764400000, 0x0000000800000000)
  region size 1024K, 46 young (47104K), 7 survivors (7168K)
 Metaspace       used 26878K, capacity 28269K, committed 28464K, reserved 1073152K
  class space    used 3269K, capacity 3837K, committed 3888K, reserved 1048576K
}
Event: 28.971 GC heap after
{Heap after GC invocations=10 (full 0):
 garbage-first heap   total 161792K, used 94920K [0x0000000764400000, 0x0000000800000000)
  region size 1024K, 6 young (6144K), 6 survivors (6144K)
 Metaspace       used 26878K, capacity 28269K, committed 28464K, reserved 1073152K
  class space    used 3269K, capacity 3837K, committed 3888K, reserved 1048576K
}
Event: 29.400 GC heap before
{Heap before GC invocations=11 (full 0):
 garbage-first heap   total 161792K, used 121544K [0x0000000764400000, 0x0000000800000000)
  region size 1024K, 35 young (35840K), 6 survivors (6144K)
 Metaspace       used 26927K, capacity 28349K, committed 28464K, reserved 1073152K
  class space    used 3282K, capacity 3843K, committed 3888K, reserved 1048576K
}
Event: 29.409 GC heap after
{Heap after GC invocations=12 (full 0):
 garbage-first heap   total 161792K, used 96767K [0x0000000764400000, 0x0000000800000000)
  region size 1024K, 4 young (4096K), 4 survivors (4096K)
 Metaspace       used 26927K, capacity 28349K, committed 28464K, reserved 1073152K
  class space    used 3282K, capacity 3843K, committed 3888K, reserved 1048576K
}
Event: 29.420 GC heap before
{Heap before GC invocations=12 (full 0):
 garbage-first heap   total 161792K, used 98815K [0x0000000764400000, 0x0000000800000000)
  region size 1024K, 7 young (7168K), 4 survivors (4096K)
 Metaspace       used 26927K, capacity 28349K, committed 28464K, reserved 1073152K
  class space    used 3282K, capacity 3843K, committed 3888K, reserved 1048576K
}
Event: 29.424 GC heap after
{Heap after GC invocations=13 (full 0):
 garbage-first heap   total 161792K, used 80440K [0x0000000764400000, 0x0000000800000000)
  region size 1024K, 1 young (1024K), 1 survivors (1024K)
 Metaspace       used 26927K, capacity 28349K, committed 28464K, reserved 1073152K
  class space    used 3282K, capacity 3843K, committed 3888K, reserved 1048576K
}
Event: 29.427 GC heap before
{Heap before GC invocations=13 (full 0):
 garbage-first heap   total 161792K, used 85560K [0x0000000764400000, 0x0000000800000000)
  region size 1024K, 7 young (7168K), 1 survivors (1024K)
 Metaspace       used 26927K, capacity 28349K, committed 28464K, reserved 1073152K
  class space    used 3282K, capacity 3843K, committed 3888K, reserved 1048576K
}
Event: 29.429 GC heap after
{Heap after GC invocations=14 (full 0):
 garbage-first heap   total 161792K, used 68873K [0x0000000764400000, 0x0000000800000000)
  region size 1024K, 1 young (1024K), 1 survivors (1024K)
 Metaspace       used 26927K, capacity 28349K, committed 28464K, reserved 1073152K
  class space    used 3282K, capacity 3843K, committed 3888K, reserved 1048576K
}
Event: 29.939 GC heap before
{Heap before GC invocations=14 (full 0):
 garbage-first heap   total 161792K, used 108809K [0x0000000764400000, 0x0000000800000000)
  region size 1024K, 41 young (41984K), 1 survivors (1024K)
 Metaspace       used 26980K, capacity 28414K, committed 28720K, reserved 1075200K
  class space    used 3286K, capacity 3843K, committed 3888K, reserved 1048576K
}
Event: 29.943 GC heap after
{Heap after GC invocations=15 (full 0):
 garbage-first heap   total 161792K, used 71364K [0x0000000764400000, 0x0000000800000000)
  region size 1024K, 3 young (3072K), 3 survivors (3072K)
 Metaspace       used 26980K, capacity 28414K, committed 28720K, reserved 1075200K
  class space    used 3286K, capacity 3843K, committed 3888K, reserved 1048576K
}

